app/build/intermediates/manifest_merge_blame_file/debug/processDebugMainManifest/manifest-merger-blame-debug-report.txt
1<?xml version="1.0" encoding="utf-8"?>
2<manifest xmlns:android="http://schemas.android.com/apk/res/android"
3    package="com.family.guardian"
4    android:versionCode="2"
5    android:versionName="2.0.0" >
6
7    <uses-sdk
8        android:minSdkVersion="26"
9        android:targetSdkVersion="35" />
10
11    <uses-permission android:name="android.permission.RECEIVE_BOOT_COMPLETED" />
11-->src\main\AndroidManifest.xml:4:5-80
11-->src\main\AndroidManifest.xml:4:22-78
12    <uses-permission android:name="android.permission.SYSTEM_ALERT_WINDOW" />
12-->src\main\AndroidManifest.xml:5:5-77
12-->src\main\AndroidManifest.xml:5:22-75
13    <uses-permission android:name="android.permission.FOREGROUND_SERVICE" />
13-->src\main\AndroidManifest.xml:6:5-76
13-->src\main\AndroidManifest.xml:6:22-74
14    <uses-permission android:name="android.permission.FOREGROUND_SERVICE_SPECIAL_USE" />
14-->src\main\AndroidManifest.xml:7:5-88
14-->src\main\AndroidManifest.xml:7:22-86
15    <uses-permission android:name="android.permission.FOREGROUND_SERVICE_CAMERA" />
15-->src\main\AndroidManifest.xml:8:5-83
15-->src\main\AndroidManifest.xml:8:22-81
16    <uses-permission android:name="android.permission.QUERY_ALL_PACKAGES" />
16-->src\main\AndroidManifest.xml:9:5-76
16-->src\main\AndroidManifest.xml:9:22-74
17    <uses-permission android:name="android.permission.VIBRATE" />
17-->src\main\AndroidManifest.xml:10:5-65
17-->src\main\AndroidManifest.xml:10:22-63
18    <uses-permission android:name="android.permission.SEND_SMS" />
18-->src\main\AndroidManifest.xml:11:5-66
18-->src\main\AndroidManifest.xml:11:22-64
19    <uses-permission android:name="android.permission.CALL_PHONE" />
19-->src\main\AndroidManifest.xml:12:5-68
19-->src\main\AndroidManifest.xml:12:22-66
20    <uses-permission android:name="android.permission.CAMERA" />
20-->src\main\AndroidManifest.xml:13:5-64
20-->src\main\AndroidManifest.xml:13:22-62
21    <uses-permission android:name="android.permission.READ_CONTACTS" />
21-->src\main\AndroidManifest.xml:14:5-71
21-->src\main\AndroidManifest.xml:14:22-69
22    <uses-permission android:name="android.permission.FLASHLIGHT" />
22-->src\main\AndroidManifest.xml:15:5-68
22-->src\main\AndroidManifest.xml:15:22-66
23    <uses-permission android:name="android.permission.RECEIVE_MMS" />
23-->src\main\AndroidManifest.xml:16:5-69
23-->src\main\AndroidManifest.xml:16:22-67
24    <uses-permission
24-->src\main\AndroidManifest.xml:17:5-18:37
25        android:name="android.permission.WRITE_EXTERNAL_STORAGE"
25-->src\main\AndroidManifest.xml:17:22-78
26        android:maxSdkVersion="28" />
26-->src\main\AndroidManifest.xml:18:9-35
27
28    <uses-feature
28-->src\main\AndroidManifest.xml:20:5-84
29        android:name="android.hardware.camera"
29-->src\main\AndroidManifest.xml:20:19-57
30        android:required="false" />
30-->src\main\AndroidManifest.xml:20:58-82
31    <uses-feature
31-->src\main\AndroidManifest.xml:21:5-94
32        android:name="android.hardware.camera.autofocus"
32-->src\main\AndroidManifest.xml:21:19-67
33        android:required="false" />
33-->src\main\AndroidManifest.xml:21:68-92
34
35    <permission
35-->[androidx.core:core:1.13.1] AndroidManifest.xml:22:5-24:47
36        android:name="com.family.guardian.DYNAMIC_RECEIVER_NOT_EXPORTED_PERMISSION"
36-->[androidx.core:core:1.13.1] AndroidManifest.xml:23:9-81
37        android:protectionLevel="signature" />
37-->[androidx.core:core:1.13.1] AndroidManifest.xml:24:9-44
38
39    <uses-permission android:name="com.family.guardian.DYNAMIC_RECEIVER_NOT_EXPORTED_PERMISSION" />
39-->[androidx.core:core:1.13.1] AndroidManifest.xml:26:5-97
39-->[androidx.core:core:1.13.1] AndroidManifest.xml:26:22-94
40
41    <application
41-->src\main\AndroidManifest.xml:23:5-96:19
42        android:name="com.family.guardian.GuardianApp"
42-->src\main\AndroidManifest.xml:24:9-36
43        android:allowBackup="false"
43-->src\main\AndroidManifest.xml:25:9-36
44        android:appComponentFactory="androidx.core.app.CoreComponentFactory"
44-->[androidx.core:core:1.13.1] AndroidManifest.xml:28:18-86
45        android:debuggable="true"
46        android:extractNativeLibs="false"
47        android:icon="@android:mipmap/sym_def_app_icon"
47-->src\main\AndroidManifest.xml:26:9-56
48        android:label="Family Guardian"
48-->src\main\AndroidManifest.xml:27:9-40
49        android:theme="@style/Theme.Guardian" >
49-->src\main\AndroidManifest.xml:28:9-46
50        <activity
50-->src\main\AndroidManifest.xml:30:9-42:20
51            android:name="com.family.guardian.ui.LauncherActivity"
51-->src\main\AndroidManifest.xml:31:13-48
52            android:exported="true"
52-->src\main\AndroidManifest.xml:32:13-36
53            android:launchMode="singleTask"
53-->src\main\AndroidManifest.xml:33:13-44
54            android:screenOrientation="portrait"
54-->src\main\AndroidManifest.xml:34:13-49
55            android:stateNotNeeded="true" >
55-->src\main\AndroidManifest.xml:35:13-42
56            <intent-filter android:priority="999" >
56-->src\main\AndroidManifest.xml:36:13-41:29
56-->src\main\AndroidManifest.xml:36:28-50
57                <action android:name="android.intent.action.MAIN" />
57-->src\main\AndroidManifest.xml:37:17-68
57-->src\main\AndroidManifest.xml:37:25-66
58
59                <category android:name="android.intent.category.HOME" />
59-->src\main\AndroidManifest.xml:38:17-72
59-->src\main\AndroidManifest.xml:38:27-70
60                <category android:name="android.intent.category.DEFAULT" />
60-->src\main\AndroidManifest.xml:39:17-75
60-->src\main\AndroidManifest.xml:39:27-73
61                <category android:name="android.intent.category.LAUNCHER" />
61-->src\main\AndroidManifest.xml:40:17-76
61-->src\main\AndroidManifest.xml:40:27-74
62            </intent-filter>
63        </activity>
64        <activity
64-->src\main\AndroidManifest.xml:44:9-45:76
65            android:name="com.family.guardian.ui.AdminActivity"
65-->src\main\AndroidManifest.xml:44:19-51
66            android:exported="false"
66-->src\main\AndroidManifest.xml:45:13-37
67            android:screenOrientation="portrait" />
67-->src\main\AndroidManifest.xml:45:38-74
68        <activity
68-->src\main\AndroidManifest.xml:47:9-51:51
69            android:name="com.family.guardian.ui.SosActivity"
69-->src\main\AndroidManifest.xml:47:19-49
70            android:exported="false"
70-->src\main\AndroidManifest.xml:48:13-37
71            android:screenOrientation="portrait"
71-->src\main\AndroidManifest.xml:51:13-49
72            android:showWhenLocked="true"
72-->src\main\AndroidManifest.xml:49:13-42
73            android:turnScreenOn="true" />
73-->src\main\AndroidManifest.xml:50:13-40
74
75        <service
75-->src\main\AndroidManifest.xml:53:9-62:19
76            android:name="com.family.guardian.service.GuardianService"
76-->src\main\AndroidManifest.xml:53:18-57
77            android:exported="false"
77-->src\main\AndroidManifest.xml:54:13-37
78            android:permission="android.permission.BIND_ACCESSIBILITY_SERVICE" >
78-->src\main\AndroidManifest.xml:55:13-79
79            <intent-filter>
79-->src\main\AndroidManifest.xml:56:13-58:29
80                <action android:name="android.accessibilityservice.AccessibilityService" />
80-->src\main\AndroidManifest.xml:57:17-91
80-->src\main\AndroidManifest.xml:57:25-89
81            </intent-filter>
82
83            <meta-data
83-->src\main\AndroidManifest.xml:59:13-61:71
84                android:name="android.accessibilityservice"
84-->src\main\AndroidManifest.xml:60:17-60
85                android:resource="@xml/accessibility_service_config" />
85-->src\main\AndroidManifest.xml:61:17-69
86        </service>
87        <service
87-->src\main\AndroidManifest.xml:64:9-66:64
88            android:name="com.family.guardian.service.GuardianNotificationService"
88-->src\main\AndroidManifest.xml:64:18-69
89            android:exported="false"
89-->src\main\AndroidManifest.xml:65:13-37
90            android:foregroundServiceType="specialUse|camera" />
90-->src\main\AndroidManifest.xml:66:13-62
91
92        <receiver
92-->src\main\AndroidManifest.xml:68:9-73:20
93            android:name="com.family.guardian.receiver.BootReceiver"
93-->src\main\AndroidManifest.xml:68:19-56
94            android:exported="true" >
94-->src\main\AndroidManifest.xml:68:57-80
95            <intent-filter android:priority="999" >
95-->src\main\AndroidManifest.xml:69:13-72:29
95-->src\main\AndroidManifest.xml:69:28-50
96                <action android:name="android.intent.action.BOOT_COMPLETED" />
96-->src\main\AndroidManifest.xml:70:17-78
96-->src\main\AndroidManifest.xml:70:25-76
97                <action android:name="android.intent.action.QUICKBOOT_POWERON" />
97-->src\main\AndroidManifest.xml:71:17-81
97-->src\main\AndroidManifest.xml:71:25-79
98            </intent-filter>
99        </receiver>
100        <receiver
100-->src\main\AndroidManifest.xml:75:9-84:20
101            android:name="com.family.guardian.admin.GuardianDeviceAdmin"
101-->src\main\AndroidManifest.xml:75:19-60
102            android:exported="true"
102-->src\main\AndroidManifest.xml:76:13-36
103            android:permission="android.permission.BIND_DEVICE_ADMIN" >
103-->src\main\AndroidManifest.xml:77:13-70
104            <meta-data
104-->src\main\AndroidManifest.xml:78:13-80:55
105                android:name="android.app.device_admin"
105-->src\main\AndroidManifest.xml:79:17-56
106                android:resource="@xml/device_admin" />
106-->src\main\AndroidManifest.xml:80:17-53
107
108            <intent-filter>
108-->src\main\AndroidManifest.xml:81:13-83:29
109                <action android:name="android.app.action.DEVICE_ADMIN_ENABLED" />
109-->src\main\AndroidManifest.xml:82:17-81
109-->src\main\AndroidManifest.xml:82:25-79
110            </intent-filter>
111        </receiver>
112
113        <provider
113-->src\main\AndroidManifest.xml:86:9-94:20
114            android:name="androidx.core.content.FileProvider"
114-->src\main\AndroidManifest.xml:87:13-62
115            android:authorities="com.family.guardian.fileprovider"
115-->src\main\AndroidManifest.xml:88:13-67
116            android:exported="false"
116-->src\main\AndroidManifest.xml:89:13-37
117            android:grantUriPermissions="true" >
117-->src\main\AndroidManifest.xml:90:13-47
118            <meta-data
118-->src\main\AndroidManifest.xml:91:13-93:53
119                android:name="android.support.FILE_PROVIDER_PATHS"
119-->src\main\AndroidManifest.xml:92:17-67
120                android:resource="@xml/file_paths" />
120-->src\main\AndroidManifest.xml:93:17-51
121        </provider>
122        <provider
122-->[androidx.emoji2:emoji2:1.3.0] AndroidManifest.xml:24:9-32:20
123            android:name="androidx.startup.InitializationProvider"
123-->[androidx.emoji2:emoji2:1.3.0] AndroidManifest.xml:25:13-67
124            android:authorities="com.family.guardian.androidx-startup"
124-->[androidx.emoji2:emoji2:1.3.0] AndroidManifest.xml:26:13-68
125            android:exported="false" >
125-->[androidx.emoji2:emoji2:1.3.0] AndroidManifest.xml:27:13-37
126            <meta-data
126-->[androidx.emoji2:emoji2:1.3.0] AndroidManifest.xml:29:13-31:52
127                android:name="androidx.emoji2.text.EmojiCompatInitializer"
127-->[androidx.emoji2:emoji2:1.3.0] AndroidManifest.xml:30:17-75
128                android:value="androidx.startup" />
128-->[androidx.emoji2:emoji2:1.3.0] AndroidManifest.xml:31:17-49
129            <meta-data
129-->[androidx.lifecycle:lifecycle-process:2.6.2] AndroidManifest.xml:29:13-31:52
130                android:name="androidx.lifecycle.ProcessLifecycleInitializer"
130-->[androidx.lifecycle:lifecycle-process:2.6.2] AndroidManifest.xml:30:17-78
131                android:value="androidx.startup" />
131-->[androidx.lifecycle:lifecycle-process:2.6.2] AndroidManifest.xml:31:17-49
132            <meta-data
132-->[androidx.profileinstaller:profileinstaller:1.3.1] AndroidManifest.xml:29:13-31:52
133                android:name="androidx.profileinstaller.ProfileInstallerInitializer"
133-->[androidx.profileinstaller:profileinstaller:1.3.1] AndroidManifest.xml:30:17-85
134                android:value="androidx.startup" />
134-->[androidx.profileinstaller:profileinstaller:1.3.1] AndroidManifest.xml:31:17-49
135        </provider>
136
137        <receiver
137-->[androidx.profileinstaller:profileinstaller:1.3.1] AndroidManifest.xml:34:9-52:20
138            android:name="androidx.profileinstaller.ProfileInstallReceiver"
138-->[androidx.profileinstaller:profileinstaller:1.3.1] AndroidManifest.xml:35:13-76
139            android:directBootAware="false"
139-->[androidx.profileinstaller:profileinstaller:1.3.1] AndroidManifest.xml:36:13-44
140            android:enabled="true"
140-->[androidx.profileinstaller:profileinstaller:1.3.1] AndroidManifest.xml:37:13-35
141            android:exported="true"
141-->[androidx.profileinstaller:profileinstaller:1.3.1] AndroidManifest.xml:38:13-36
142            android:permission="android.permission.DUMP" >
142-->[androidx.profileinstaller:profileinstaller:1.3.1] AndroidManifest.xml:39:13-57
143            <intent-filter>
143-->[androidx.profileinstaller:profileinstaller:1.3.1] AndroidManifest.xml:40:13-42:29
144                <action android:name="androidx.profileinstaller.action.INSTALL_PROFILE" />
144-->[androidx.profileinstaller:profileinstaller:1.3.1] AndroidManifest.xml:41:17-91
144-->[androidx.profileinstaller:profileinstaller:1.3.1] AndroidManifest.xml:41:25-88
145            </intent-filter>
146            <intent-filter>
146-->[androidx.profileinstaller:profileinstaller:1.3.1] AndroidManifest.xml:43:13-45:29
147                <action android:name="androidx.profileinstaller.action.SKIP_FILE" />
147-->[androidx.profileinstaller:profileinstaller:1.3.1] AndroidManifest.xml:44:17-85
147-->[androidx.profileinstaller:profileinstaller:1.3.1] AndroidManifest.xml:44:25-82
148            </intent-filter>
149            <intent-filter>
149-->[androidx.profileinstaller:profileinstaller:1.3.1] AndroidManifest.xml:46:13-48:29
150                <action android:name="androidx.profileinstaller.action.SAVE_PROFILE" />
150-->[androidx.profileinstaller:profileinstaller:1.3.1] AndroidManifest.xml:47:17-88
150-->[androidx.profileinstaller:profileinstaller:1.3.1] AndroidManifest.xml:47:25-85
151            </intent-filter>
152            <intent-filter>
152-->[androidx.profileinstaller:profileinstaller:1.3.1] AndroidManifest.xml:49:13-51:29
153                <action android:name="androidx.profileinstaller.action.BENCHMARK_OPERATION" />
153-->[androidx.profileinstaller:profileinstaller:1.3.1] AndroidManifest.xml:50:17-95
153-->[androidx.profileinstaller:profileinstaller:1.3.1] AndroidManifest.xml:50:25-92
154            </intent-filter>
155        </receiver>
156    </application>
157
158</manifest>